2013/05/02 02:27:54 [error] [exception.CDbException] exception 'CDbException' with message 'CDbConnection failed to open the DB connection: could not find driver' in C:\xampp\htdocs\interClubProyect\framework\db\CDbConnection.php:381
Stack trace:
#0 C:\xampp\htdocs\interClubProyect\framework\db\CDbConnection.php(330): CDbConnection->open()
#1 C:\xampp\htdocs\interClubProyect\framework\db\CDbConnection.php(308): CDbConnection->setActive(true)
#2 C:\xampp\htdocs\interClubProyect\framework\base\CModule.php(387): CDbConnection->init()
#3 C:\xampp\htdocs\interClubProyect\framework\base\CModule.php(103): CModule->getComponent('db')
#4 C:\xampp\htdocs\interClubProyect\framework\gii\generators\crud\CrudCode.php(44): CModule->__get('db')
#5 C:\xampp\htdocs\interClubProyect\framework\web\CFormModel.php(39): CrudCode->init()
#6 C:\xampp\htdocs\interClubProyect\framework\gii\CCodeGenerator.php(153): CFormModel->__construct()
#7 C:\xampp\htdocs\interClubProyect\framework\gii\CCodeGenerator.php(63): CCodeGenerator->prepare()
#8 C:\xampp\htdocs\interClubProyect\framework\web\actions\CInlineAction.php(49): CCodeGenerator->actionIndex()
#9 C:\xampp\htdocs\interClubProyect\framework\web\CController.php(308): CInlineAction->runWithParams(Array)
#10 C:\xampp\htdocs\interClubProyect\framework\web\CController.php(286): CController->runAction(Object(CInlineAction))
#11 C:\xampp\htdocs\interClubProyect\framework\web\CController.php(265): CController->runActionWithFilters(Object(CInlineAction), Array)
#12 C:\xampp\htdocs\interClubProyect\framework\web\CWebApplication.php(282): CController->run('')
#13 C:\xampp\htdocs\interClubProyect\framework\web\CWebApplication.php(141): CWebApplication->runController('gii/crud')
#14 C:\xampp\htdocs\interClubProyect\framework\base\CApplication.php(169): CWebApplication->processRequest()
#15 C:\xampp\htdocs\interClubProyect\index.php(13): CApplication->run()
#16 {main}
REQUEST_URI=/interClubProyect/index.php?r=gii/crud
HTTP_REFERER=http://localhost/interClubProyect/index.php?r=gii/default/index
---
2013/05/02 03:17:29 [error] [exception.CDbException] exception 'CDbException' with message 'CDbConnection failed to open the DB connection: could not find driver' in C:\xampp\htdocs\interClubProyect\framework\db\CDbConnection.php:381
Stack trace:
#0 C:\xampp\htdocs\interClubProyect\framework\db\CDbConnection.php(330): CDbConnection->open()
#1 C:\xampp\htdocs\interClubProyect\framework\db\CDbConnection.php(308): CDbConnection->setActive(true)
#2 C:\xampp\htdocs\interClubProyect\framework\base\CModule.php(387): CDbConnection->init()
#3 C:\xampp\htdocs\interClubProyect\framework\base\CModule.php(103): CModule->getComponent('db')
#4 C:\xampp\htdocs\interClubProyect\framework\gii\generators\crud\CrudCode.php(44): CModule->__get('db')
#5 C:\xampp\htdocs\interClubProyect\framework\web\CFormModel.php(39): CrudCode->init()
#6 C:\xampp\htdocs\interClubProyect\framework\gii\CCodeGenerator.php(153): CFormModel->__construct()
#7 C:\xampp\htdocs\interClubProyect\framework\gii\CCodeGenerator.php(63): CCodeGenerator->prepare()
#8 C:\xampp\htdocs\interClubProyect\framework\web\actions\CInlineAction.php(49): CCodeGenerator->actionIndex()
#9 C:\xampp\htdocs\interClubProyect\framework\web\CController.php(308): CInlineAction->runWithParams(Array)
#10 C:\xampp\htdocs\interClubProyect\framework\web\CController.php(286): CController->runAction(Object(CInlineAction))
#11 C:\xampp\htdocs\interClubProyect\framework\web\CController.php(265): CController->runActionWithFilters(Object(CInlineAction), Array)
#12 C:\xampp\htdocs\interClubProyect\framework\web\CWebApplication.php(282): CController->run('')
#13 C:\xampp\htdocs\interClubProyect\framework\web\CWebApplication.php(141): CWebApplication->runController('gii/crud')
#14 C:\xampp\htdocs\interClubProyect\framework\base\CApplication.php(169): CWebApplication->processRequest()
#15 C:\xampp\htdocs\interClubProyect\index.php(13): CApplication->run()
#16 {main}
REQUEST_URI=/interClubProyect/index.php?r=gii/crud
---
2013/05/02 03:17:32 [error] [exception.CDbException] exception 'CDbException' with message 'CDbConnection failed to open the DB connection: could not find driver' in C:\xampp\htdocs\interClubProyect\framework\db\CDbConnection.php:381
Stack trace:
#0 C:\xampp\htdocs\interClubProyect\framework\db\CDbConnection.php(330): CDbConnection->open()
#1 C:\xampp\htdocs\interClubProyect\framework\db\CDbConnection.php(308): CDbConnection->setActive(true)
#2 C:\xampp\htdocs\interClubProyect\framework\base\CModule.php(387): CDbConnection->init()
#3 C:\xampp\htdocs\interClubProyect\framework\base\CModule.php(103): CModule->getComponent('db')
#4 C:\xampp\htdocs\interClubProyect\framework\gii\generators\crud\CrudCode.php(44): CModule->__get('db')
#5 C:\xampp\htdocs\interClubProyect\framework\web\CFormModel.php(39): CrudCode->init()
#6 C:\xampp\htdocs\interClubProyect\framework\gii\CCodeGenerator.php(153): CFormModel->__construct()
#7 C:\xampp\htdocs\interClubProyect\framework\gii\CCodeGenerator.php(63): CCodeGenerator->prepare()
#8 C:\xampp\htdocs\interClubProyect\framework\web\actions\CInlineAction.php(49): CCodeGenerator->actionIndex()
#9 C:\xampp\htdocs\interClubProyect\framework\web\CController.php(308): CInlineAction->runWithParams(Array)
#10 C:\xampp\htdocs\interClubProyect\framework\web\CController.php(286): CController->runAction(Object(CInlineAction))
#11 C:\xampp\htdocs\interClubProyect\framework\web\CController.php(265): CController->runActionWithFilters(Object(CInlineAction), Array)
#12 C:\xampp\htdocs\interClubProyect\framework\web\CWebApplication.php(282): CController->run('')
#13 C:\xampp\htdocs\interClubProyect\framework\web\CWebApplication.php(141): CWebApplication->runController('gii/crud')
#14 C:\xampp\htdocs\interClubProyect\framework\base\CApplication.php(169): CWebApplication->processRequest()
#15 C:\xampp\htdocs\interClubProyect\index.php(13): CApplication->run()
#16 {main}
REQUEST_URI=/interClubProyect/index.php?r=gii/crud
---
2013/05/02 03:31:32 [error] [exception.CDbException] exception 'CDbException' with message 'CDbConnection failed to open the DB connection: could not find driver' in C:\xampp\htdocs\interClubProyect\framework\db\CDbConnection.php:381
Stack trace:
#0 C:\xampp\htdocs\interClubProyect\framework\db\CDbConnection.php(330): CDbConnection->open()
#1 C:\xampp\htdocs\interClubProyect\framework\db\CDbConnection.php(308): CDbConnection->setActive(true)
#2 C:\xampp\htdocs\interClubProyect\framework\base\CModule.php(387): CDbConnection->init()
#3 C:\xampp\htdocs\interClubProyect\framework\base\CModule.php(103): CModule->getComponent('db')
#4 C:\xampp\htdocs\interClubProyect\framework\gii\generators\crud\CrudCode.php(44): CModule->__get('db')
#5 C:\xampp\htdocs\interClubProyect\framework\web\CFormModel.php(39): CrudCode->init()
#6 C:\xampp\htdocs\interClubProyect\framework\gii\CCodeGenerator.php(153): CFormModel->__construct()
#7 C:\xampp\htdocs\interClubProyect\framework\gii\CCodeGenerator.php(63): CCodeGenerator->prepare()
#8 C:\xampp\htdocs\interClubProyect\framework\web\actions\CInlineAction.php(49): CCodeGenerator->actionIndex()
#9 C:\xampp\htdocs\interClubProyect\framework\web\CController.php(308): CInlineAction->runWithParams(Array)
#10 C:\xampp\htdocs\interClubProyect\framework\web\CController.php(286): CController->runAction(Object(CInlineAction))
#11 C:\xampp\htdocs\interClubProyect\framework\web\CController.php(265): CController->runActionWithFilters(Object(CInlineAction), Array)
#12 C:\xampp\htdocs\interClubProyect\framework\web\CWebApplication.php(282): CController->run('')
#13 C:\xampp\htdocs\interClubProyect\framework\web\CWebApplication.php(141): CWebApplication->runController('gii/crud')
#14 C:\xampp\htdocs\interClubProyect\framework\base\CApplication.php(169): CWebApplication->processRequest()
#15 C:\xampp\htdocs\interClubProyect\index.php(13): CApplication->run()
#16 {main}
REQUEST_URI=/interClubProyect/index.php?r=gii/crud
HTTP_REFERER=http://localhost/interClubProyect/index.php?r=gii/default/index
---
2013/05/02 03:34:26 [error] [exception.CDbException] exception 'CDbException' with message 'CDbConnection failed to open the DB connection: could not find driver' in C:\xampp\htdocs\interClubProyect\framework\db\CDbConnection.php:381
Stack trace:
#0 C:\xampp\htdocs\interClubProyect\framework\db\CDbConnection.php(330): CDbConnection->open()
#1 C:\xampp\htdocs\interClubProyect\framework\db\CDbConnection.php(308): CDbConnection->setActive(true)
#2 C:\xampp\htdocs\interClubProyect\framework\base\CModule.php(387): CDbConnection->init()
#3 C:\xampp\htdocs\interClubProyect\framework\base\CModule.php(103): CModule->getComponent('db')
#4 C:\xampp\htdocs\interClubProyect\framework\gii\generators\crud\CrudCode.php(44): CModule->__get('db')
#5 C:\xampp\htdocs\interClubProyect\framework\web\CFormModel.php(39): CrudCode->init()
#6 C:\xampp\htdocs\interClubProyect\framework\gii\CCodeGenerator.php(153): CFormModel->__construct()
#7 C:\xampp\htdocs\interClubProyect\framework\gii\CCodeGenerator.php(63): CCodeGenerator->prepare()
#8 C:\xampp\htdocs\interClubProyect\framework\web\actions\CInlineAction.php(49): CCodeGenerator->actionIndex()
#9 C:\xampp\htdocs\interClubProyect\framework\web\CController.php(308): CInlineAction->runWithParams(Array)
#10 C:\xampp\htdocs\interClubProyect\framework\web\CController.php(286): CController->runAction(Object(CInlineAction))
#11 C:\xampp\htdocs\interClubProyect\framework\web\CController.php(265): CController->runActionWithFilters(Object(CInlineAction), Array)
#12 C:\xampp\htdocs\interClubProyect\framework\web\CWebApplication.php(282): CController->run('')
#13 C:\xampp\htdocs\interClubProyect\framework\web\CWebApplication.php(141): CWebApplication->runController('gii/crud')
#14 C:\xampp\htdocs\interClubProyect\framework\base\CApplication.php(169): CWebApplication->processRequest()
#15 C:\xampp\htdocs\interClubProyect\index.php(13): CApplication->run()
#16 {main}
REQUEST_URI=/interClubProyect/index.php?r=gii/crud
HTTP_REFERER=http://localhost/interClubProyect/index.php?r=gii/default/index
---
2013/05/02 03:34:32 [error] [exception.CDbException] exception 'CDbException' with message 'CDbConnection failed to open the DB connection: could not find driver' in C:\xampp\htdocs\interClubProyect\framework\db\CDbConnection.php:381
Stack trace:
#0 C:\xampp\htdocs\interClubProyect\framework\db\CDbConnection.php(330): CDbConnection->open()
#1 C:\xampp\htdocs\interClubProyect\framework\db\CDbConnection.php(308): CDbConnection->setActive(true)
#2 C:\xampp\htdocs\interClubProyect\framework\base\CModule.php(387): CDbConnection->init()
#3 C:\xampp\htdocs\interClubProyect\framework\base\CModule.php(103): CModule->getComponent('db')
#4 C:\xampp\htdocs\interClubProyect\framework\gii\generators\crud\CrudCode.php(44): CModule->__get('db')
#5 C:\xampp\htdocs\interClubProyect\framework\web\CFormModel.php(39): CrudCode->init()
#6 C:\xampp\htdocs\interClubProyect\framework\gii\CCodeGenerator.php(153): CFormModel->__construct()
#7 C:\xampp\htdocs\interClubProyect\framework\gii\CCodeGenerator.php(63): CCodeGenerator->prepare()
#8 C:\xampp\htdocs\interClubProyect\framework\web\actions\CInlineAction.php(49): CCodeGenerator->actionIndex()
#9 C:\xampp\htdocs\interClubProyect\framework\web\CController.php(308): CInlineAction->runWithParams(Array)
#10 C:\xampp\htdocs\interClubProyect\framework\web\CController.php(286): CController->runAction(Object(CInlineAction))
#11 C:\xampp\htdocs\interClubProyect\framework\web\CController.php(265): CController->runActionWithFilters(Object(CInlineAction), Array)
#12 C:\xampp\htdocs\interClubProyect\framework\web\CWebApplication.php(282): CController->run('')
#13 C:\xampp\htdocs\interClubProyect\framework\web\CWebApplication.php(141): CWebApplication->runController('gii/crud')
#14 C:\xampp\htdocs\interClubProyect\framework\base\CApplication.php(169): CWebApplication->processRequest()
#15 C:\xampp\htdocs\interClubProyect\index.php(13): CApplication->run()
#16 {main}
REQUEST_URI=/interClubProyect/index.php?r=gii/crud
HTTP_REFERER=http://localhost/interClubProyect/index.php?r=gii/default/index
---
2013/05/02 03:34:59 [error] [exception.CDbException] exception 'CDbException' with message 'CDbConnection failed to open the DB connection: could not find driver' in C:\xampp\htdocs\interClubProyect\framework\db\CDbConnection.php:381
Stack trace:
#0 C:\xampp\htdocs\interClubProyect\framework\db\CDbConnection.php(330): CDbConnection->open()
#1 C:\xampp\htdocs\interClubProyect\framework\db\CDbConnection.php(308): CDbConnection->setActive(true)
#2 C:\xampp\htdocs\interClubProyect\framework\base\CModule.php(387): CDbConnection->init()
#3 C:\xampp\htdocs\interClubProyect\framework\base\CModule.php(103): CModule->getComponent('db')
#4 C:\xampp\htdocs\interClubProyect\framework\gii\generators\crud\CrudCode.php(44): CModule->__get('db')
#5 C:\xampp\htdocs\interClubProyect\framework\web\CFormModel.php(39): CrudCode->init()
#6 C:\xampp\htdocs\interClubProyect\framework\gii\CCodeGenerator.php(153): CFormModel->__construct()
#7 C:\xampp\htdocs\interClubProyect\framework\gii\CCodeGenerator.php(63): CCodeGenerator->prepare()
#8 C:\xampp\htdocs\interClubProyect\framework\web\actions\CInlineAction.php(49): CCodeGenerator->actionIndex()
#9 C:\xampp\htdocs\interClubProyect\framework\web\CController.php(308): CInlineAction->runWithParams(Array)
#10 C:\xampp\htdocs\interClubProyect\framework\web\CController.php(286): CController->runAction(Object(CInlineAction))
#11 C:\xampp\htdocs\interClubProyect\framework\web\CController.php(265): CController->runActionWithFilters(Object(CInlineAction), Array)
#12 C:\xampp\htdocs\interClubProyect\framework\web\CWebApplication.php(282): CController->run('')
#13 C:\xampp\htdocs\interClubProyect\framework\web\CWebApplication.php(141): CWebApplication->runController('gii/crud')
#14 C:\xampp\htdocs\interClubProyect\framework\base\CApplication.php(169): CWebApplication->processRequest()
#15 C:\xampp\htdocs\interClubProyect\index.php(13): CApplication->run()
#16 {main}
REQUEST_URI=/interClubProyect/index.php?r=gii/crud
HTTP_REFERER=http://localhost/interClubProyect/index.php?r=gii/default/index
---
2013/05/02 05:26:58 [error] [system.db.CDbCommand] CDbCommand::execute() falló: SQLSTATE[HY000]: General error: 1400 OCIStmtExecute: ORA-01400: cannot insert NULL into ("AJEDREZ"."CATEGORIA"."K_IDCATEGORIA")
 (ext\pdo_oci\oci_statement.c:148). La sentencia SQL ejecutada fue: INSERT INTO "CATEGORIA" ("N_CATEGORIA") VALUES (:yp0) RETURNING "K_IDCATEGORIA" INTO :RETURN_ID.
in C:\xampp\htdocs\interClubProyect\protected\controllers\CategoriaController.php (73)
in C:\xampp\htdocs\interClubProyect\index.php (13)
2013/05/02 05:26:58 [error] [exception.CDbException] exception 'CDbException' with message 'CDbCommand falló al ejecutar la sentencia SQL: SQLSTATE[HY000]: General error: 1400 OCIStmtExecute: ORA-01400: cannot insert NULL into ("AJEDREZ"."CATEGORIA"."K_IDCATEGORIA")
 (ext\pdo_oci\oci_statement.c:148). The SQL statement executed was: INSERT INTO "CATEGORIA" ("N_CATEGORIA") VALUES (:yp0) RETURNING "K_IDCATEGORIA" INTO :RETURN_ID' in C:\xampp\htdocs\interClubProyect\framework\db\CDbCommand.php:357
Stack trace:
#0 C:\xampp\htdocs\interClubProyect\framework\db\ar\CActiveRecord.php(1023): CDbCommand->execute()
#1 C:\xampp\htdocs\interClubProyect\framework\db\ar\CActiveRecord.php(795): CActiveRecord->insert(NULL)
#2 C:\xampp\htdocs\interClubProyect\protected\controllers\CategoriaController.php(73): CActiveRecord->save()
#3 C:\xampp\htdocs\interClubProyect\framework\web\actions\CInlineAction.php(49): CategoriaController->actionCreate()
#4 C:\xampp\htdocs\interClubProyect\framework\web\CController.php(308): CInlineAction->runWithParams(Array)
#5 C:\xampp\htdocs\interClubProyect\framework\web\filters\CFilterChain.php(133): CController->runAction(Object(CInlineAction))
#6 C:\xampp\htdocs\interClubProyect\framework\web\filters\CFilter.php(40): CFilterChain->run()
#7 C:\xampp\htdocs\interClubProyect\framework\web\CController.php(1145): CFilter->filter(Object(CFilterChain))
#8 C:\xampp\htdocs\interClubProyect\framework\web\filters\CInlineFilter.php(58): CController->filterAccessControl(Object(CFilterChain))
#9 C:\xampp\htdocs\interClubProyect\framework\web\filters\CFilterChain.php(130): CInlineFilter->filter(Object(CFilterChain))
#10 C:\xampp\htdocs\interClubProyect\framework\web\CController.php(291): CFilterChain->run()
#11 C:\xampp\htdocs\interClubProyect\framework\web\CController.php(265): CController->runActionWithFilters(Object(CInlineAction), Array)
#12 C:\xampp\htdocs\interClubProyect\framework\web\CWebApplication.php(282): CController->run('create')
#13 C:\xampp\htdocs\interClubProyect\framework\web\CWebApplication.php(141): CWebApplication->runController('categoria/creat...')
#14 C:\xampp\htdocs\interClubProyect\framework\base\CApplication.php(169): CWebApplication->processRequest()
#15 C:\xampp\htdocs\interClubProyect\index.php(13): CApplication->run()
#16 {main}
REQUEST_URI=/interClubProyect/index.php?r=categoria/create
HTTP_REFERER=http://localhost/interClubProyect/index.php?r=categoria/create
---
2013/05/02 05:41:01 [error] [system.db.CDbCommand] CDbCommand::execute() falló: SQLSTATE[HY000]: General error: 1400 OCIStmtExecute: ORA-01400: cannot insert NULL into ("AJEDREZ"."CATEGORIA"."K_IDCATEGORIA")
 (ext\pdo_oci\oci_statement.c:148). La sentencia SQL ejecutada fue: INSERT INTO "CATEGORIA" ("N_CATEGORIA") VALUES (:yp0) RETURNING "K_IDCATEGORIA" INTO :RETURN_ID.
in C:\xampp\htdocs\interClubProyect\protected\controllers\CategoriaController.php (73)
in C:\xampp\htdocs\interClubProyect\index.php (13)
2013/05/02 05:41:01 [error] [exception.CDbException] exception 'CDbException' with message 'CDbCommand falló al ejecutar la sentencia SQL: SQLSTATE[HY000]: General error: 1400 OCIStmtExecute: ORA-01400: cannot insert NULL into ("AJEDREZ"."CATEGORIA"."K_IDCATEGORIA")
 (ext\pdo_oci\oci_statement.c:148). The SQL statement executed was: INSERT INTO "CATEGORIA" ("N_CATEGORIA") VALUES (:yp0) RETURNING "K_IDCATEGORIA" INTO :RETURN_ID' in C:\xampp\htdocs\interClubProyect\framework\db\CDbCommand.php:357
Stack trace:
#0 C:\xampp\htdocs\interClubProyect\framework\db\ar\CActiveRecord.php(1023): CDbCommand->execute()
#1 C:\xampp\htdocs\interClubProyect\framework\db\ar\CActiveRecord.php(795): CActiveRecord->insert(NULL)
#2 C:\xampp\htdocs\interClubProyect\protected\controllers\CategoriaController.php(73): CActiveRecord->save()
#3 C:\xampp\htdocs\interClubProyect\framework\web\actions\CInlineAction.php(49): CategoriaController->actionCreate()
#4 C:\xampp\htdocs\interClubProyect\framework\web\CController.php(308): CInlineAction->runWithParams(Array)
#5 C:\xampp\htdocs\interClubProyect\framework\web\filters\CFilterChain.php(133): CController->runAction(Object(CInlineAction))
#6 C:\xampp\htdocs\interClubProyect\framework\web\filters\CFilter.php(40): CFilterChain->run()
#7 C:\xampp\htdocs\interClubProyect\framework\web\CController.php(1145): CFilter->filter(Object(CFilterChain))
#8 C:\xampp\htdocs\interClubProyect\framework\web\filters\CInlineFilter.php(58): CController->filterAccessControl(Object(CFilterChain))
#9 C:\xampp\htdocs\interClubProyect\framework\web\filters\CFilterChain.php(130): CInlineFilter->filter(Object(CFilterChain))
#10 C:\xampp\htdocs\interClubProyect\framework\web\CController.php(291): CFilterChain->run()
#11 C:\xampp\htdocs\interClubProyect\framework\web\CController.php(265): CController->runActionWithFilters(Object(CInlineAction), Array)
#12 C:\xampp\htdocs\interClubProyect\framework\web\CWebApplication.php(282): CController->run('create')
#13 C:\xampp\htdocs\interClubProyect\framework\web\CWebApplication.php(141): CWebApplication->runController('categoria/creat...')
#14 C:\xampp\htdocs\interClubProyect\framework\base\CApplication.php(169): CWebApplication->processRequest()
#15 C:\xampp\htdocs\interClubProyect\index.php(13): CApplication->run()
#16 {main}
REQUEST_URI=/interClubProyect/index.php?r=categoria/create
HTTP_REFERER=http://localhost/interClubProyect/index.php?r=categoria/create
---
2013/05/02 05:42:08 [warning] [application] Error al definir unsafe el atributo "K_IDCATEGORIA" de "Categoria".
in C:\xampp\htdocs\interClubProyect\protected\controllers\CategoriaController.php (72)
in C:\xampp\htdocs\interClubProyect\index.php (13)
2013/05/02 05:42:08 [error] [system.db.CDbCommand] CDbCommand::execute() falló: SQLSTATE[HY000]: General error: 1400 OCIStmtExecute: ORA-01400: cannot insert NULL into ("AJEDREZ"."CATEGORIA"."K_IDCATEGORIA")
 (ext\pdo_oci\oci_statement.c:148). La sentencia SQL ejecutada fue: INSERT INTO "CATEGORIA" ("N_CATEGORIA") VALUES (:yp0) RETURNING "K_IDCATEGORIA" INTO :RETURN_ID.
in C:\xampp\htdocs\interClubProyect\protected\controllers\CategoriaController.php (73)
in C:\xampp\htdocs\interClubProyect\index.php (13)
2013/05/02 05:42:08 [error] [exception.CDbException] exception 'CDbException' with message 'CDbCommand falló al ejecutar la sentencia SQL: SQLSTATE[HY000]: General error: 1400 OCIStmtExecute: ORA-01400: cannot insert NULL into ("AJEDREZ"."CATEGORIA"."K_IDCATEGORIA")
 (ext\pdo_oci\oci_statement.c:148). The SQL statement executed was: INSERT INTO "CATEGORIA" ("N_CATEGORIA") VALUES (:yp0) RETURNING "K_IDCATEGORIA" INTO :RETURN_ID' in C:\xampp\htdocs\interClubProyect\framework\db\CDbCommand.php:357
Stack trace:
#0 C:\xampp\htdocs\interClubProyect\framework\db\ar\CActiveRecord.php(1023): CDbCommand->execute()
#1 C:\xampp\htdocs\interClubProyect\framework\db\ar\CActiveRecord.php(795): CActiveRecord->insert(NULL)
#2 C:\xampp\htdocs\interClubProyect\protected\controllers\CategoriaController.php(73): CActiveRecord->save()
#3 C:\xampp\htdocs\interClubProyect\framework\web\actions\CInlineAction.php(49): CategoriaController->actionCreate()
#4 C:\xampp\htdocs\interClubProyect\framework\web\CController.php(308): CInlineAction->runWithParams(Array)
#5 C:\xampp\htdocs\interClubProyect\framework\web\filters\CFilterChain.php(133): CController->runAction(Object(CInlineAction))
#6 C:\xampp\htdocs\interClubProyect\framework\web\filters\CFilter.php(40): CFilterChain->run()
#7 C:\xampp\htdocs\interClubProyect\framework\web\CController.php(1145): CFilter->filter(Object(CFilterChain))
#8 C:\xampp\htdocs\interClubProyect\framework\web\filters\CInlineFilter.php(58): CController->filterAccessControl(Object(CFilterChain))
#9 C:\xampp\htdocs\interClubProyect\framework\web\filters\CFilterChain.php(130): CInlineFilter->filter(Object(CFilterChain))
#10 C:\xampp\htdocs\interClubProyect\framework\web\CController.php(291): CFilterChain->run()
#11 C:\xampp\htdocs\interClubProyect\framework\web\CController.php(265): CController->runActionWithFilters(Object(CInlineAction), Array)
#12 C:\xampp\htdocs\interClubProyect\framework\web\CWebApplication.php(282): CController->run('create')
#13 C:\xampp\htdocs\interClubProyect\framework\web\CWebApplication.php(141): CWebApplication->runController('categoria/creat...')
#14 C:\xampp\htdocs\interClubProyect\framework\base\CApplication.php(169): CWebApplication->processRequest()
#15 C:\xampp\htdocs\interClubProyect\index.php(13): CApplication->run()
#16 {main}
REQUEST_URI=/interClubProyect/index.php?r=categoria/create
HTTP_REFERER=http://localhost/interClubProyect/index.php?r=categoria/create
---
2013/05/02 05:42:46 [warning] [application] Error al definir unsafe el atributo "K_IDCATEGORIA" de "Categoria".
in C:\xampp\htdocs\interClubProyect\protected\controllers\CategoriaController.php (72)
in C:\xampp\htdocs\interClubProyect\index.php (13)
2013/05/02 05:42:46 [error] [system.db.CDbCommand] CDbCommand::execute() falló: SQLSTATE[HY000]: General error: 1400 OCIStmtExecute: ORA-01400: cannot insert NULL into ("AJEDREZ"."CATEGORIA"."K_IDCATEGORIA")
 (ext\pdo_oci\oci_statement.c:148). La sentencia SQL ejecutada fue: INSERT INTO "CATEGORIA" ("N_CATEGORIA") VALUES (:yp0) RETURNING "K_IDCATEGORIA" INTO :RETURN_ID.
in C:\xampp\htdocs\interClubProyect\protected\controllers\CategoriaController.php (73)
in C:\xampp\htdocs\interClubProyect\index.php (13)
2013/05/02 05:42:46 [error] [exception.CDbException] exception 'CDbException' with message 'CDbCommand falló al ejecutar la sentencia SQL: SQLSTATE[HY000]: General error: 1400 OCIStmtExecute: ORA-01400: cannot insert NULL into ("AJEDREZ"."CATEGORIA"."K_IDCATEGORIA")
 (ext\pdo_oci\oci_statement.c:148). The SQL statement executed was: INSERT INTO "CATEGORIA" ("N_CATEGORIA") VALUES (:yp0) RETURNING "K_IDCATEGORIA" INTO :RETURN_ID' in C:\xampp\htdocs\interClubProyect\framework\db\CDbCommand.php:357
Stack trace:
#0 C:\xampp\htdocs\interClubProyect\framework\db\ar\CActiveRecord.php(1023): CDbCommand->execute()
#1 C:\xampp\htdocs\interClubProyect\framework\db\ar\CActiveRecord.php(795): CActiveRecord->insert(NULL)
#2 C:\xampp\htdocs\interClubProyect\protected\controllers\CategoriaController.php(73): CActiveRecord->save()
#3 C:\xampp\htdocs\interClubProyect\framework\web\actions\CInlineAction.php(49): CategoriaController->actionCreate()
#4 C:\xampp\htdocs\interClubProyect\framework\web\CController.php(308): CInlineAction->runWithParams(Array)
#5 C:\xampp\htdocs\interClubProyect\framework\web\filters\CFilterChain.php(133): CController->runAction(Object(CInlineAction))
#6 C:\xampp\htdocs\interClubProyect\framework\web\filters\CFilter.php(40): CFilterChain->run()
#7 C:\xampp\htdocs\interClubProyect\framework\web\CController.php(1145): CFilter->filter(Object(CFilterChain))
#8 C:\xampp\htdocs\interClubProyect\framework\web\filters\CInlineFilter.php(58): CController->filterAccessControl(Object(CFilterChain))
#9 C:\xampp\htdocs\interClubProyect\framework\web\filters\CFilterChain.php(130): CInlineFilter->filter(Object(CFilterChain))
#10 C:\xampp\htdocs\interClubProyect\framework\web\CController.php(291): CFilterChain->run()
#11 C:\xampp\htdocs\interClubProyect\framework\web\CController.php(265): CController->runActionWithFilters(Object(CInlineAction), Array)
#12 C:\xampp\htdocs\interClubProyect\framework\web\CWebApplication.php(282): CController->run('create')
#13 C:\xampp\htdocs\interClubProyect\framework\web\CWebApplication.php(141): CWebApplication->runController('categoria/creat...')
#14 C:\xampp\htdocs\interClubProyect\framework\base\CApplication.php(169): CWebApplication->processRequest()
#15 C:\xampp\htdocs\interClubProyect\index.php(13): CApplication->run()
#16 {main}
REQUEST_URI=/interClubProyect/index.php?r=categoria/create
HTTP_REFERER=http://localhost/interClubProyect/index.php?r=categoria/create
---
2013/05/02 05:55:40 [warning] [application] Error al definir unsafe el atributo "K_IDCATEGORIA" de "Categoria".
in C:\xampp\htdocs\interClubProyect\protected\controllers\CategoriaController.php (72)
in C:\xampp\htdocs\interClubProyect\index.php (13)
2013/05/02 05:55:40 [error] [system.db.CDbCommand] CDbCommand::execute() falló: SQLSTATE[HY000]: General error: 1400 OCIStmtExecute: ORA-01400: cannot insert NULL into ("AJEDREZ"."CATEGORIA"."K_IDCATEGORIA")
 (ext\pdo_oci\oci_statement.c:148). La sentencia SQL ejecutada fue: INSERT INTO "CATEGORIA" ("N_CATEGORIA") VALUES (:yp0) RETURNING "K_IDCATEGORIA" INTO :RETURN_ID.
in C:\xampp\htdocs\interClubProyect\protected\controllers\CategoriaController.php (73)
in C:\xampp\htdocs\interClubProyect\index.php (13)
2013/05/02 05:55:40 [error] [exception.CDbException] exception 'CDbException' with message 'CDbCommand falló al ejecutar la sentencia SQL: SQLSTATE[HY000]: General error: 1400 OCIStmtExecute: ORA-01400: cannot insert NULL into ("AJEDREZ"."CATEGORIA"."K_IDCATEGORIA")
 (ext\pdo_oci\oci_statement.c:148). The SQL statement executed was: INSERT INTO "CATEGORIA" ("N_CATEGORIA") VALUES (:yp0) RETURNING "K_IDCATEGORIA" INTO :RETURN_ID' in C:\xampp\htdocs\interClubProyect\framework\db\CDbCommand.php:357
Stack trace:
#0 C:\xampp\htdocs\interClubProyect\framework\db\ar\CActiveRecord.php(1024): CDbCommand->execute()
#1 C:\xampp\htdocs\interClubProyect\framework\db\ar\CActiveRecord.php(795): CActiveRecord->insert(NULL)
#2 C:\xampp\htdocs\interClubProyect\protected\controllers\CategoriaController.php(73): CActiveRecord->save()
#3 C:\xampp\htdocs\interClubProyect\framework\web\actions\CInlineAction.php(49): CategoriaController->actionCreate()
#4 C:\xampp\htdocs\interClubProyect\framework\web\CController.php(308): CInlineAction->runWithParams(Array)
#5 C:\xampp\htdocs\interClubProyect\framework\web\filters\CFilterChain.php(133): CController->runAction(Object(CInlineAction))
#6 C:\xampp\htdocs\interClubProyect\framework\web\filters\CFilter.php(40): CFilterChain->run()
#7 C:\xampp\htdocs\interClubProyect\framework\web\CController.php(1145): CFilter->filter(Object(CFilterChain))
#8 C:\xampp\htdocs\interClubProyect\framework\web\filters\CInlineFilter.php(58): CController->filterAccessControl(Object(CFilterChain))
#9 C:\xampp\htdocs\interClubProyect\framework\web\filters\CFilterChain.php(130): CInlineFilter->filter(Object(CFilterChain))
#10 C:\xampp\htdocs\interClubProyect\framework\web\CController.php(291): CFilterChain->run()
#11 C:\xampp\htdocs\interClubProyect\framework\web\CController.php(265): CController->runActionWithFilters(Object(CInlineAction), Array)
#12 C:\xampp\htdocs\interClubProyect\framework\web\CWebApplication.php(282): CController->run('create')
#13 C:\xampp\htdocs\interClubProyect\framework\web\CWebApplication.php(141): CWebApplication->runController('categoria/creat...')
#14 C:\xampp\htdocs\interClubProyect\framework\base\CApplication.php(169): CWebApplication->processRequest()
#15 C:\xampp\htdocs\interClubProyect\index.php(13): CApplication->run()
#16 {main}
REQUEST_URI=/interClubProyect/index.php?r=categoria/create
HTTP_REFERER=http://localhost/interClubProyect/index.php?r=categoria/create
---
2013/05/02 05:56:12 [warning] [application] Error al definir unsafe el atributo "K_IDCATEGORIA" de "Categoria".
in C:\xampp\htdocs\interClubProyect\protected\controllers\CategoriaController.php (72)
in C:\xampp\htdocs\interClubProyect\index.php (13)
2013/05/02 05:56:12 [error] [system.db.CDbCommand] CDbCommand::execute() falló: SQLSTATE[HY000]: General error: 1400 OCIStmtExecute: ORA-01400: cannot insert NULL into ("AJEDREZ"."CATEGORIA"."K_IDCATEGORIA")
 (ext\pdo_oci\oci_statement.c:148). La sentencia SQL ejecutada fue: INSERT INTO "CATEGORIA" ("N_CATEGORIA") VALUES (:yp0) RETURNING "K_IDCATEGORIA" INTO :RETURN_ID.
in C:\xampp\htdocs\interClubProyect\protected\controllers\CategoriaController.php (73)
in C:\xampp\htdocs\interClubProyect\index.php (13)
2013/05/02 05:56:12 [error] [exception.CDbException] exception 'CDbException' with message 'CDbCommand falló al ejecutar la sentencia SQL: SQLSTATE[HY000]: General error: 1400 OCIStmtExecute: ORA-01400: cannot insert NULL into ("AJEDREZ"."CATEGORIA"."K_IDCATEGORIA")
 (ext\pdo_oci\oci_statement.c:148). The SQL statement executed was: INSERT INTO "CATEGORIA" ("N_CATEGORIA") VALUES (:yp0) RETURNING "K_IDCATEGORIA" INTO :RETURN_ID' in C:\xampp\htdocs\interClubProyect\framework\db\CDbCommand.php:357
Stack trace:
#0 C:\xampp\htdocs\interClubProyect\framework\db\ar\CActiveRecord.php(1024): CDbCommand->execute()
#1 C:\xampp\htdocs\interClubProyect\framework\db\ar\CActiveRecord.php(795): CActiveRecord->insert(NULL)
#2 C:\xampp\htdocs\interClubProyect\protected\controllers\CategoriaController.php(73): CActiveRecord->save()
#3 C:\xampp\htdocs\interClubProyect\framework\web\actions\CInlineAction.php(49): CategoriaController->actionCreate()
#4 C:\xampp\htdocs\interClubProyect\framework\web\CController.php(308): CInlineAction->runWithParams(Array)
#5 C:\xampp\htdocs\interClubProyect\framework\web\filters\CFilterChain.php(133): CController->runAction(Object(CInlineAction))
#6 C:\xampp\htdocs\interClubProyect\framework\web\filters\CFilter.php(40): CFilterChain->run()
#7 C:\xampp\htdocs\interClubProyect\framework\web\CController.php(1145): CFilter->filter(Object(CFilterChain))
#8 C:\xampp\htdocs\interClubProyect\framework\web\filters\CInlineFilter.php(58): CController->filterAccessControl(Object(CFilterChain))
#9 C:\xampp\htdocs\interClubProyect\framework\web\filters\CFilterChain.php(130): CInlineFilter->filter(Object(CFilterChain))
#10 C:\xampp\htdocs\interClubProyect\framework\web\CController.php(291): CFilterChain->run()
#11 C:\xampp\htdocs\interClubProyect\framework\web\CController.php(265): CController->runActionWithFilters(Object(CInlineAction), Array)
#12 C:\xampp\htdocs\interClubProyect\framework\web\CWebApplication.php(282): CController->run('create')
#13 C:\xampp\htdocs\interClubProyect\framework\web\CWebApplication.php(141): CWebApplication->runController('categoria/creat...')
#14 C:\xampp\htdocs\interClubProyect\framework\base\CApplication.php(169): CWebApplication->processRequest()
#15 C:\xampp\htdocs\interClubProyect\index.php(13): CApplication->run()
#16 {main}
REQUEST_URI=/interClubProyect/index.php?r=categoria/create
HTTP_REFERER=http://localhost/interClubProyect/index.php?r=categoria/create
---
2013/05/02 05:56:32 [warning] [application] Error al definir unsafe el atributo "K_IDCATEGORIA" de "Categoria".
in C:\xampp\htdocs\interClubProyect\protected\controllers\CategoriaController.php (72)
in C:\xampp\htdocs\interClubProyect\index.php (13)
2013/05/02 05:56:32 [error] [system.db.CDbCommand] CDbCommand::execute() falló: SQLSTATE[HY000]: General error: 1400 OCIStmtExecute: ORA-01400: cannot insert NULL into ("AJEDREZ"."CATEGORIA"."K_IDCATEGORIA")
 (ext\pdo_oci\oci_statement.c:148). La sentencia SQL ejecutada fue: INSERT INTO "CATEGORIA" ("N_CATEGORIA") VALUES (:yp0) RETURNING "K_IDCATEGORIA" INTO :RETURN_ID.
in C:\xampp\htdocs\interClubProyect\protected\controllers\CategoriaController.php (73)
in C:\xampp\htdocs\interClubProyect\index.php (13)
2013/05/02 05:56:32 [error] [exception.CDbException] exception 'CDbException' with message 'CDbCommand falló al ejecutar la sentencia SQL: SQLSTATE[HY000]: General error: 1400 OCIStmtExecute: ORA-01400: cannot insert NULL into ("AJEDREZ"."CATEGORIA"."K_IDCATEGORIA")
 (ext\pdo_oci\oci_statement.c:148). The SQL statement executed was: INSERT INTO "CATEGORIA" ("N_CATEGORIA") VALUES (:yp0) RETURNING "K_IDCATEGORIA" INTO :RETURN_ID' in C:\xampp\htdocs\interClubProyect\framework\db\CDbCommand.php:357
Stack trace:
#0 C:\xampp\htdocs\interClubProyect\framework\db\ar\CActiveRecord.php(1024): CDbCommand->execute()
#1 C:\xampp\htdocs\interClubProyect\framework\db\ar\CActiveRecord.php(795): CActiveRecord->insert(NULL)
#2 C:\xampp\htdocs\interClubProyect\protected\controllers\CategoriaController.php(73): CActiveRecord->save()
#3 C:\xampp\htdocs\interClubProyect\framework\web\actions\CInlineAction.php(49): CategoriaController->actionCreate()
#4 C:\xampp\htdocs\interClubProyect\framework\web\CController.php(308): CInlineAction->runWithParams(Array)
#5 C:\xampp\htdocs\interClubProyect\framework\web\filters\CFilterChain.php(133): CController->runAction(Object(CInlineAction))
#6 C:\xampp\htdocs\interClubProyect\framework\web\filters\CFilter.php(40): CFilterChain->run()
#7 C:\xampp\htdocs\interClubProyect\framework\web\CController.php(1145): CFilter->filter(Object(CFilterChain))
#8 C:\xampp\htdocs\interClubProyect\framework\web\filters\CInlineFilter.php(58): CController->filterAccessControl(Object(CFilterChain))
#9 C:\xampp\htdocs\interClubProyect\framework\web\filters\CFilterChain.php(130): CInlineFilter->filter(Object(CFilterChain))
#10 C:\xampp\htdocs\interClubProyect\framework\web\CController.php(291): CFilterChain->run()
#11 C:\xampp\htdocs\interClubProyect\framework\web\CController.php(265): CController->runActionWithFilters(Object(CInlineAction), Array)
#12 C:\xampp\htdocs\interClubProyect\framework\web\CWebApplication.php(282): CController->run('create')
#13 C:\xampp\htdocs\interClubProyect\framework\web\CWebApplication.php(141): CWebApplication->runController('categoria/creat...')
#14 C:\xampp\htdocs\interClubProyect\framework\base\CApplication.php(169): CWebApplication->processRequest()
#15 C:\xampp\htdocs\interClubProyect\index.php(13): CApplication->run()
#16 {main}
REQUEST_URI=/interClubProyect/index.php?r=categoria/create
HTTP_REFERER=http://localhost/interClubProyect/index.php?r=categoria/create
---
2013/05/02 05:56:45 [warning] [application] Error al definir unsafe el atributo "K_IDCATEGORIA" de "Categoria".
in C:\xampp\htdocs\interClubProyect\protected\controllers\CategoriaController.php (72)
in C:\xampp\htdocs\interClubProyect\index.php (13)
2013/05/02 05:56:45 [error] [system.db.CDbCommand] CDbCommand::execute() falló: SQLSTATE[HY000]: General error: 1400 OCIStmtExecute: ORA-01400: cannot insert NULL into ("AJEDREZ"."CATEGORIA"."K_IDCATEGORIA")
 (ext\pdo_oci\oci_statement.c:148). La sentencia SQL ejecutada fue: INSERT INTO "CATEGORIA" ("N_CATEGORIA") VALUES (:yp0) RETURNING "K_IDCATEGORIA" INTO :RETURN_ID.
in C:\xampp\htdocs\interClubProyect\protected\controllers\CategoriaController.php (73)
in C:\xampp\htdocs\interClubProyect\index.php (13)
2013/05/02 05:56:45 [error] [exception.CDbException] exception 'CDbException' with message 'CDbCommand falló al ejecutar la sentencia SQL: SQLSTATE[HY000]: General error: 1400 OCIStmtExecute: ORA-01400: cannot insert NULL into ("AJEDREZ"."CATEGORIA"."K_IDCATEGORIA")
 (ext\pdo_oci\oci_statement.c:148). The SQL statement executed was: INSERT INTO "CATEGORIA" ("N_CATEGORIA") VALUES (:yp0) RETURNING "K_IDCATEGORIA" INTO :RETURN_ID' in C:\xampp\htdocs\interClubProyect\framework\db\CDbCommand.php:357
Stack trace:
#0 C:\xampp\htdocs\interClubProyect\framework\db\ar\CActiveRecord.php(1024): CDbCommand->execute()
#1 C:\xampp\htdocs\interClubProyect\framework\db\ar\CActiveRecord.php(795): CActiveRecord->insert(NULL)
#2 C:\xampp\htdocs\interClubProyect\protected\controllers\CategoriaController.php(73): CActiveRecord->save()
#3 C:\xampp\htdocs\interClubProyect\framework\web\actions\CInlineAction.php(49): CategoriaController->actionCreate()
#4 C:\xampp\htdocs\interClubProyect\framework\web\CController.php(308): CInlineAction->runWithParams(Array)
#5 C:\xampp\htdocs\interClubProyect\framework\web\filters\CFilterChain.php(133): CController->runAction(Object(CInlineAction))
#6 C:\xampp\htdocs\interClubProyect\framework\web\filters\CFilter.php(40): CFilterChain->run()
#7 C:\xampp\htdocs\interClubProyect\framework\web\CController.php(1145): CFilter->filter(Object(CFilterChain))
#8 C:\xampp\htdocs\interClubProyect\framework\web\filters\CInlineFilter.php(58): CController->filterAccessControl(Object(CFilterChain))
#9 C:\xampp\htdocs\interClubProyect\framework\web\filters\CFilterChain.php(130): CInlineFilter->filter(Object(CFilterChain))
#10 C:\xampp\htdocs\interClubProyect\framework\web\CController.php(291): CFilterChain->run()
#11 C:\xampp\htdocs\interClubProyect\framework\web\CController.php(265): CController->runActionWithFilters(Object(CInlineAction), Array)
#12 C:\xampp\htdocs\interClubProyect\framework\web\CWebApplication.php(282): CController->run('create')
#13 C:\xampp\htdocs\interClubProyect\framework\web\CWebApplication.php(141): CWebApplication->runController('categoria/creat...')
#14 C:\xampp\htdocs\interClubProyect\framework\base\CApplication.php(169): CWebApplication->processRequest()
#15 C:\xampp\htdocs\interClubProyect\index.php(13): CApplication->run()
#16 {main}
REQUEST_URI=/interClubProyect/index.php?r=categoria/create
HTTP_REFERER=http://localhost/interClubProyect/index.php?r=categoria/create
---
